================================Erreur de script================================
Message :
no implicit conversion of nil into String

Type : TypeError
Script : 00700 Ajout_PSDK/00400 Text.rb (PSDK)
Ligne : 16
Date : 20/07/2024 11:07:18
Game Version : 256
Logiciel : PSDK 26.27
===================================Backtraces===================================
[26] : 00700 Ajout_PSDK/00400 Text.rb (PSDK) | ligne 16 multiline_text=
[25] : 00700 Ajout_PSDK/00400 Text.rb (PSDK) | ligne 10 each
[24] : 00700 Ajout_PSDK/00400 Text.rb (PSDK) | ligne 10 multiline_text=
[23] : 01450 Systems/00101 Dex/00003 GamePlay/00100 Dex.rb (PSDK) | ligne 128 change_state
[22] : 01450 Systems/00101 Dex/00003 GamePlay/00101 Dex_Graphics.rb (PSDK) | ligne 18 create_graphics
[21] : 01450 Systems/00000 General/00003 GamePlay__Base/00000 GamePlay__Base.rb (PSDK) | ligne 251 main_begin
[20] : 01450 Systems/00000 General/00003 GamePlay__Base/00000 GamePlay__Base.rb (PSDK) | ligne 152 main
[19] : 01450 Systems/00000 General/00003 GamePlay__Base/00000 GamePlay__Base.rb (PSDK) | ligne 190 call_scene
[18] : 01450 Systems/00000 General/00100 GamePlay.rb (PSDK) | ligne 104 open_dex_to_show_pokemon
[17] : 01600 Alpha 25 Battle Engine/00001 Battle_Scene/00101 Scene Choice.rb (PSDK) | ligne 201 update_pokedex_related_infos
[16] : 01600 Alpha 25 Battle Engine/00001 Battle_Scene/00101 Scene Choice.rb (PSDK) | ligne 177 give_pokemon_procedure
[15] : 01600 Alpha 25 Battle Engine/00001 Battle_Scene/00101 Scene Choice.rb (PSDK) | ligne 285 caught
[14] : 01600 Alpha 25 Battle Engine/00001 Battle_Scene/00101 Scene Choice.rb (PSDK) | ligne 156 special_item_choice_action
[13] : 01600 Alpha 25 Battle Engine/00001 Battle_Scene/00101 Scene Choice.rb (PSDK) | ligne 135 item_choice
[12] : 01600 Alpha 25 Battle Engine/00001 Battle_Scene/00100 Scene.rb (PSDK) | ligne 83 next_update_process
[11] : 01600 Alpha 25 Battle Engine/00001 Battle_Scene/00100 Scene.rb (PSDK) | ligne 73 update
[10] : 01450 Systems/00000 General/00003 GamePlay__Base/00000 GamePlay__Base.rb (PSDK) | ligne 260 main_process
[9] : 01450 Systems/00000 General/00003 GamePlay__Base/00000 GamePlay__Base.rb (PSDK) | ligne 153 main
[8] : tools/GameLoader/Z_main.rb (PSDK) | ligne 18 <top (required)>
[7] : tools/GameLoader/3_load_extensions.rb (PSDK) | ligne 46 rgss_main
[6] : tools/GameLoader/50_load_game_uncompiled.rb (PSDK) | ligne 48 <top (required)>
[5] : ScriptLoad.rb (PSDK) | ligne 196 require
[4] : ScriptLoad.rb (PSDK) | ligne 196 load_tool
[3] : tools/GameLoader/Z_load_uncompiled.rb (PSDK) | ligne 16 <top (required)>
[2] : ScriptLoad.rb (PSDK) | ligne 196 require
[1] : ScriptLoad.rb (PSDK) | ligne 196 load_tool
[0] : Game.rb (RMXP) | ligne 11 <main>
===================================Fin du log===================================